------------------------------------------------------------------------------------------------------------------------
THREE ADDRESS CODE (TAC):
------------------------------------------------------------------------------------------------------------------------
0   :    t0 = 3
1   :    N = t0

2   : negate: 
3   :    t0 = 0
4   :    sum = t0

5   : negate.FOR$0: 
6   :    t0 = 0
7   :    i = t0
8   :    if i < n goto 13
9   :    goto 40
10  :    t2 = i
11  :    i = i + 1
12  :    goto 8

13  : negate.FOR$0.FOR$1: 
14  :    t0 = 0
15  :    j = t0
16  :    if j < n goto 21
17  :    goto 10
18  :    t2 = j
19  :    j = j + 1
20  :    goto 16
21  :    t3 = i * 0
22  :    t5 = j * 4
23  :    t4 = t3 + t5
24  :    t6 = i * 0
25  :    t8 = j * 4
26  :    t7 = t6 + t8
27  :    t9 = a[t7]
28  :    t10 = 1
29  :    t11 = -t10
30  :    t12 = t9 * t11
31  :    ans[t4] = t12
32  :    t14 = i * 0
33  :    t16 = j * 4
34  :    t15 = t14 + t16
35  :    t17 = a[t15]
36  :    t18 = sum + t17
37  :    sum = t18
38  :    goto 18
39  :    goto 10
40  :    return sum

41  : main: 

42  : main.FOR$0: 
43  :    t0 = 0
44  :    i = t0
45  :    if i < N goto 50
46  :    goto 69
47  :    t1 = i
48  :    i = i + 1
49  :    goto 45

50  : main.FOR$0.FOR$1: 
51  :    t0 = 0
52  :    j = t0
53  :    if j < N goto 58
54  :    goto 47
55  :    t1 = j
56  :    j = j + 1
57  :    goto 53
58  :    t2 = i * 12
59  :    t4 = j * 4
60  :    t3 = t2 + t4
61  :    t5 = i + j
62  :    t6 = i * j
63  :    t7 = t5 + t6
64  :    t8 = i / j
65  :    t9 = t7 + t8
66  :    a[t3] = t9
67  :    goto 55
68  :    goto 47
69  :    param a
70  :    param ans
71  :    param N
72  :    t0 = call negate, 3
73  :    result = t0
74  :    t2 = 0
75  :    return t2

------------------------------------------------------------------------------------------------------------------------
Symbol Table: Global                                            Parent Table: NULL                                              
------------------------------------------------------------------------------------------------------------------------
Name                     Type                     Initial Value       Size           Offset         Nested
------------------------------------------------------------------------------------------------------------------------
N                        int                      3                   4              0              NULL
t0                       int                      3                   4              4              NULL
negate                   int                      -                   4              8              negate
main                     int                      -                   4              12             main
------------------------------------------------------------------------------------------------------------------------

------------------------------------------------------------------------------------------------------------------------
Symbol Table: negate                                            Parent Table: Global                                            
------------------------------------------------------------------------------------------------------------------------
Name                     Type                     Initial Value       Size           Offset         Nested
------------------------------------------------------------------------------------------------------------------------
a                        arr(0, arr(0, int))      -                   0              0              NULL
N                        int                      -                   4              0              NULL
ans                      arr(0, arr(0, int))      -                   0              4              NULL
n                        int                      -                   4              4              NULL
return                   int                      -                   4              8              NULL
sum                      int                      0                   4              12             NULL
t0                       int                      0                   4              16             NULL
i                        int                      -                   4              20             NULL
j                        int                      -                   4              24             NULL
negate.FOR$0             block                    -                   4              28             negate.FOR$0
------------------------------------------------------------------------------------------------------------------------

------------------------------------------------------------------------------------------------------------------------
Symbol Table: negate.FOR$0                                      Parent Table: negate                                            
------------------------------------------------------------------------------------------------------------------------
Name                     Type                     Initial Value       Size           Offset         Nested
------------------------------------------------------------------------------------------------------------------------
t0                       int                      0                   4              0              NULL
t1                       int                      -                   4              4              NULL
t2                       int                      -                   4              8              NULL
negate.FOR$0.FOR$1       block                    -                   4              12             negate.FOR$0.FOR$1
------------------------------------------------------------------------------------------------------------------------

------------------------------------------------------------------------------------------------------------------------
Symbol Table: negate.FOR$0.FOR$1                                Parent Table: negate.FOR$0                                      
------------------------------------------------------------------------------------------------------------------------
Name                     Type                     Initial Value       Size           Offset         Nested
------------------------------------------------------------------------------------------------------------------------
t0                       int                      0                   4              0              NULL
t1                       int                      -                   4              4              NULL
t2                       int                      -                   4              8              NULL
t3                       int                      -                   4              12             NULL
t4                       int                      -                   4              16             NULL
t5                       int                      -                   4              20             NULL
t6                       int                      -                   4              24             NULL
t7                       int                      -                   4              28             NULL
t8                       int                      -                   4              32             NULL
t9                       int                      -                   4              36             NULL
t10                      int                      1                   4              40             NULL
t11                      int                      -                   4              44             NULL
t12                      int                      -                   4              48             NULL
t13                      int                      -                   4              52             NULL
t14                      int                      -                   4              56             NULL
t15                      int                      -                   4              60             NULL
t16                      int                      -                   4              64             NULL
t17                      int                      -                   4              68             NULL
t18                      int                      -                   4              72             NULL
t19                      int                      -                   4              76             NULL
------------------------------------------------------------------------------------------------------------------------

------------------------------------------------------------------------------------------------------------------------
Symbol Table: main                                              Parent Table: Global                                            
------------------------------------------------------------------------------------------------------------------------
Name                     Type                     Initial Value       Size           Offset         Nested
------------------------------------------------------------------------------------------------------------------------
return                   int                      -                   4              0              NULL
a                        arr(3, arr(3, int))      -                   36             4              NULL
ans                      arr(3, arr(3, int))      -                   36             40             NULL
result                   int                      -                   4              76             NULL
main.FOR$0               block                    -                   4              80             main.FOR$0
t0                       int                      -                   4              84             NULL
t1                       int                      -                   4              88             NULL
t2                       int                      0                   4              92             NULL
------------------------------------------------------------------------------------------------------------------------

------------------------------------------------------------------------------------------------------------------------
Symbol Table: main.FOR$0                                        Parent Table: main                                              
------------------------------------------------------------------------------------------------------------------------
Name                     Type                     Initial Value       Size           Offset         Nested
------------------------------------------------------------------------------------------------------------------------
i                        int                      0                   4              0              NULL
t0                       int                      0                   4              4              NULL
t1                       int                      -                   4              8              NULL
main.FOR$0.FOR$1         block                    -                   4              12             main.FOR$0.FOR$1
------------------------------------------------------------------------------------------------------------------------

------------------------------------------------------------------------------------------------------------------------
Symbol Table: main.FOR$0.FOR$1                                  Parent Table: main.FOR$0                                        
------------------------------------------------------------------------------------------------------------------------
Name                     Type                     Initial Value       Size           Offset         Nested
------------------------------------------------------------------------------------------------------------------------
j                        int                      0                   4              0              NULL
t0                       int                      0                   4              4              NULL
t1                       int                      -                   4              8              NULL
t2                       int                      -                   4              12             NULL
t3                       int                      -                   4              16             NULL
t4                       int                      -                   4              20             NULL
t5                       int                      -                   4              24             NULL
t6                       int                      -                   4              28             NULL
t7                       int                      -                   4              32             NULL
t8                       int                      -                   4              36             NULL
t9                       int                      -                   4              40             NULL
t10                      int                      -                   4              44             NULL
------------------------------------------------------------------------------------------------------------------------

