------------------------------------------------------------------------------------------------------------------------
THREE ADDRESS CODE (TAC):
------------------------------------------------------------------------------------------------------------------------

0   : swap: 
1   :    t0 = *a
2   :    t = t0
3   :    t1 = *a
4   :    t2 = *b
5   :    *a = t2
6   :    t3 = *b
7   :    *b = t
8   :    return 

9   : bubblesort: 

10  : bubblesort.FOR$0: 
11  :    t0 = 0
12  :    i = t0
13  :    if i < n goto 18
14  :    goto 45
15  :    t1 = i
16  :    i = i + 1
17  :    goto 13

18  : bubblesort.FOR$0.FOR$1: 
19  :    t0 = 1
20  :    t1 = i + t0
21  :    j = t1
22  :    if j < n goto 27
23  :    goto 15
24  :    t2 = j
25  :    j = j + 1
26  :    goto 22
27  :    t3 = j * 4
28  :    t4 = a[t3]
29  :    t5 = i * 4
30  :    t6 = a[t5]
31  :    if t4 < t6 goto 34
32  :    goto 24
33  :    goto 43

34  : bubblesort.FOR$0.FOR$1.FOR$2: 
35  :    t0 = i * 4
36  :    t1 = &a
37  :    param t1
38  :    t2 = j * 4
39  :    t3 = &a
40  :    param t3
41  :    t4 = call swap, 2
42  :    goto 24
43  :    goto 24
44  :    goto 15
45  :    return 

46  : main: 
47  :    t0 = 5
48  :    t1 = 0
49  :    t2 = t1 * 4
50  :    t3 = 5.325
51  :    t4 = float2int(t3)
52  :    a[t2] = t4
53  :    t5 = 1
54  :    t6 = t5 * 4
55  :    t7 = 3.125
56  :    t8 = -t7
57  :    t9 = float2int(t8)
58  :    a[t6] = t9
59  :    t11 = 2
60  :    t12 = t11 * 4
61  :    t13 = 5
62  :    t14 = 3
63  :    t15 = t13 / t14
64  :    a[t12] = t15
65  :    t17 = 3
66  :    t18 = t17 * 4
67  :    t19 = 'd'
68  :    t20 = float2int(t19)
69  :    a[t18] = t20
70  :    t21 = 4
71  :    t22 = t21 * 4
72  :    t23 = 0
73  :    a[t22] = t23
74  :    param a
75  :    t25 = 5
76  :    param t25
77  :    t26 = call bubblesort, 2
78  :    t27 = 0
79  :    return t27

------------------------------------------------------------------------------------------------------------------------
Symbol Table: Global                                            Parent Table: NULL                                              
------------------------------------------------------------------------------------------------------------------------
Name                     Type                     Initial Value       Size           Offset         Nested
------------------------------------------------------------------------------------------------------------------------
swap                     void                     -                   0              0              swap
bubblesort               void                     -                   0              0              bubblesort
main                     int                      -                   4              0              main
------------------------------------------------------------------------------------------------------------------------

------------------------------------------------------------------------------------------------------------------------
Symbol Table: swap                                              Parent Table: Global                                            
------------------------------------------------------------------------------------------------------------------------
Name                     Type                     Initial Value       Size           Offset         Nested
------------------------------------------------------------------------------------------------------------------------
a                        ptr(int)                 -                   4              0              NULL
b                        ptr(int)                 -                   4              4              NULL
t                        int                      -                   4              8              NULL
t0                       int                      -                   4              12             NULL
t1                       int                      -                   4              16             NULL
t2                       int                      -                   4              20             NULL
t3                       int                      -                   4              24             NULL
------------------------------------------------------------------------------------------------------------------------

------------------------------------------------------------------------------------------------------------------------
Symbol Table: bubblesort                                        Parent Table: Global                                            
------------------------------------------------------------------------------------------------------------------------
Name                     Type                     Initial Value       Size           Offset         Nested
------------------------------------------------------------------------------------------------------------------------
a                        ptr(int)                 -                   4              0              NULL
n                        int                      -                   4              4              NULL
bubblesort.FOR$0         block                    -                   4              8              bubblesort.FOR$0
------------------------------------------------------------------------------------------------------------------------

------------------------------------------------------------------------------------------------------------------------
Symbol Table: bubblesort.FOR$0                                  Parent Table: bubblesort                                        
------------------------------------------------------------------------------------------------------------------------
Name                     Type                     Initial Value       Size           Offset         Nested
------------------------------------------------------------------------------------------------------------------------
i                        int                      0                   4              0              NULL
t0                       int                      0                   4              4              NULL
t1                       int                      -                   4              8              NULL
bubblesort.FOR$0.FOR$1   block                    -                   4              12             bubblesort.FOR$0.FOR$1
------------------------------------------------------------------------------------------------------------------------

------------------------------------------------------------------------------------------------------------------------
Symbol Table: bubblesort.FOR$0.FOR$1                            Parent Table: bubblesort.FOR$0                                  
------------------------------------------------------------------------------------------------------------------------
Name                     Type                     Initial Value       Size           Offset         Nested
------------------------------------------------------------------------------------------------------------------------
j                        int                      -                   4              0              NULL
t0                       int                      1                   4              4              NULL
t1                       int                      -                   4              8              NULL
t2                       int                      -                   4              12             NULL
t3                       int                      -                   4              16             NULL
t4                       int                      -                   4              20             NULL
t5                       int                      -                   4              24             NULL
t6                       int                      -                   4              28             NULL
bubblesort.FOR$0.FOR$1.FOR$2block                    -                   4              32             bubblesort.FOR$0.FOR$1.FOR$2
------------------------------------------------------------------------------------------------------------------------

------------------------------------------------------------------------------------------------------------------------
Symbol Table: bubblesort.FOR$0.FOR$1.FOR$2                      Parent Table: bubblesort.FOR$0.FOR$1                            
------------------------------------------------------------------------------------------------------------------------
Name                     Type                     Initial Value       Size           Offset         Nested
------------------------------------------------------------------------------------------------------------------------
t0                       int                      -                   4              0              NULL
t1                       ptr(ptr(int))            -                   4              4              NULL
t2                       int                      -                   4              8              NULL
t3                       ptr(ptr(int))            -                   4              12             NULL
t4                       void                     -                   0              16             NULL
------------------------------------------------------------------------------------------------------------------------

------------------------------------------------------------------------------------------------------------------------
Symbol Table: main                                              Parent Table: Global                                            
------------------------------------------------------------------------------------------------------------------------
Name                     Type                     Initial Value       Size           Offset         Nested
------------------------------------------------------------------------------------------------------------------------
return                   int                      -                   4              0              NULL
a                        arr(5, int)              -                   20             4              NULL
t0                       int                      5                   4              24             NULL
t1                       int                      0                   4              28             NULL
t2                       int                      -                   4              32             NULL
t3                       float                    5.325               8              36             NULL
t4                       int                      -                   4              44             NULL
t5                       int                      1                   4              48             NULL
t6                       int                      -                   4              52             NULL
t7                       float                    3.125               8              56             NULL
t8                       float                    -                   8              64             NULL
t9                       int                      -                   4              72             NULL
t10                      int                      -                   4              76             NULL
t11                      int                      2                   4              80             NULL
t12                      int                      -                   4              84             NULL
t13                      int                      5                   4              88             NULL
t14                      int                      3                   4              92             NULL
t15                      int                      -                   4              96             NULL
t16                      int                      -                   4              100            NULL
t17                      int                      3                   4              104            NULL
t18                      int                      -                   4              108            NULL
t19                      float                    'd'                 8              112            NULL
t20                      int                      -                   4              120            NULL
t21                      int                      4                   4              124            NULL
t22                      int                      -                   4              128            NULL
t23                      int                      0                   4              132            NULL
t24                      int                      -                   4              136            NULL
t25                      int                      5                   4              140            NULL
t26                      void                     -                   0              144            NULL
t27                      int                      0                   4              144            NULL
------------------------------------------------------------------------------------------------------------------------

