------------------------------------------------------------------------------------------------------------------------
THREE ADDRESS CODE (TAC):
------------------------------------------------------------------------------------------------------------------------
0   :    t0 = 10
1   :    t1 = 20
2   :    t2 = 50
3   :    t3 = 16
4   :    first = t3
5   :    t4 = 5.54
6   :    flt = t4

7   : func: 
8   :    t0 = 7
9   :    t1 = a ^ t0
10  :    t2 = int2float(t1)
11  :    t3 = float2int(t2)
12  :    t4 = t3 * b
13  :    t5 = int2float(t4)
14  :    d = t5
15  :    return 

16  : main: 
17  :    t0 = 894
18  :    i = t0
19  :    t1 = 94
20  :    j = t1
21  :    t2 = 'c'
22  :    ch = t2
23  :    t3 = 'a'
24  :    d = t3
25  :    t4 = i % j
26  :    e = t4
27  :    t6 = i & j
28  :    f = t6
29  :    t8 = i | j
30  :    g = t8
31  :    t10 = i + j
32  :    a = t10
33  :    t12 = i - j
34  :    b = t12
35  :    t14 = i * j
36  :    c = t14
37  :    t16 = i / j
38  :    t17 = int2char(t16)
39  :    d = t17
40  :    t18 = 1
41  :    t19 = c >> t18
42  :    i = t19
43  :    t21 = 4
44  :    t22 = b << t21
45  :    j = t22
46  :    t24 = 0
47  :    return t24

------------------------------------------------------------------------------------------------------------------------
Symbol Table: Global                                            Parent Table: NULL                                              
------------------------------------------------------------------------------------------------------------------------
Name                     Type                     Initial Value       Size           Offset         Nested
------------------------------------------------------------------------------------------------------------------------
array1D                  arr(10, int)             -                   40             0              NULL
t0                       int                      10                  4              40             NULL
array2D                  arr(20, arr(50, float))  -                   8000           44             NULL
t1                       int                      20                  4              8044           NULL
t2                       int                      50                  4              8048           NULL
ptrf                     ptr(float)               -                   4              8052           NULL
first                    int                      16                  4              8056           NULL
t3                       int                      16                  4              8060           NULL
ptr                      ptr(int)                 -                   4              8064           NULL
second                   int                      -                   4              8068           NULL
flt                      float                    5.54                8              8072           NULL
t4                       float                    5.54                8              8080           NULL
chr                      char                     -                   1              8088           NULL
a                        int                      -                   4              8089           NULL
b                        int                      -                   4              8093           NULL
c                        int                      -                   4              8097           NULL
d                        char                     'a'                 1              8101           NULL
e                        int                      -                   4              8102           NULL
f                        int                      -                   4              8106           NULL
g                        int                      -                   4              8110           NULL
func                     void                     -                   0              8114           func
main                     int                      -                   4              8114           main
------------------------------------------------------------------------------------------------------------------------

------------------------------------------------------------------------------------------------------------------------
Symbol Table: func                                              Parent Table: Global                                            
------------------------------------------------------------------------------------------------------------------------
Name                     Type                     Initial Value       Size           Offset         Nested
------------------------------------------------------------------------------------------------------------------------
i                        int                      -                   4              0              NULL
d                        float                    -                   8              4              NULL
t0                       int                      7                   4              12             NULL
t1                       int                      -                   4              16             NULL
t2                       float                    -                   8              20             NULL
t3                       int                      -                   4              28             NULL
t4                       int                      -                   4              32             NULL
t5                       float                    -                   8              36             NULL
------------------------------------------------------------------------------------------------------------------------

------------------------------------------------------------------------------------------------------------------------
Symbol Table: main                                              Parent Table: Global                                            
------------------------------------------------------------------------------------------------------------------------
Name                     Type                     Initial Value       Size           Offset         Nested
------------------------------------------------------------------------------------------------------------------------
return                   int                      -                   4              0              NULL
i                        int                      894                 4              4              NULL
t0                       int                      894                 4              8              NULL
j                        int                      94                  4              12             NULL
t1                       int                      94                  4              16             NULL
ch                       char                     'c'                 1              20             NULL
t2                       float                    'c'                 8              21             NULL
t3                       float                    'a'                 8              29             NULL
t4                       int                      -                   4              37             NULL
t5                       int                      -                   4              41             NULL
t6                       int                      -                   4              45             NULL
t7                       int                      -                   4              49             NULL
t8                       int                      -                   4              53             NULL
t9                       int                      -                   4              57             NULL
t10                      int                      -                   4              61             NULL
t11                      int                      -                   4              65             NULL
t12                      int                      -                   4              69             NULL
t13                      int                      -                   4              73             NULL
t14                      int                      -                   4              77             NULL
t15                      int                      -                   4              81             NULL
t16                      int                      -                   4              85             NULL
t17                      char                     -                   1              89             NULL
t18                      int                      1                   4              90             NULL
t19                      int                      -                   4              94             NULL
t20                      int                      -                   4              98             NULL
t21                      int                      4                   4              102            NULL
t22                      int                      -                   4              106            NULL
t23                      int                      -                   4              110            NULL
t24                      int                      0                   4              114            NULL
------------------------------------------------------------------------------------------------------------------------

