------------------------------------------------------------------------------------------------------------------------
THREE ADDRESS CODE (TAC):
------------------------------------------------------------------------------------------------------------------------

0   : factorial: 
1   :    t0 = 0
2   :    if n == t0 goto 5
3   :    goto 8
4   :    goto 8
5   :    t1 = 1
6   :    return t1
7   :    goto 8
8   :    t2 = 1
9   :    t3 = n - t2
10  :    param t3
11  :    t4 = call factorial, 1
12  :    t5 = n * t4
13  :    return t5

14  : main: 
15  :    t0 = 5
16  :    t1 = -t0
17  :    n = t1
18  :    t3 = 10
19  :    p = t3
20  :    t4 = 0
21  :    if n < t4 goto 24
22  :    goto 30
23  :    goto 30

24  : main.$0: 
25  :    t0 = 1
26  :    t1 = -t0
27  :    t2 = n * t1
28  :    n = t2
29  :    goto 30
30  :    param n
31  :    t5 = call factorial, 1
32  :    fact_n = t5
33  :    t6 = 2
34  :    param t6
35  :    t7 = call factorial, 1
36  :    fact_2 = t7
37  :    param p
38  :    t8 = call factorial, 1
39  :    fact_3 = t8
40  :    t9 = 0
41  :    return t9

------------------------------------------------------------------------------------------------------------------------
Symbol Table: Global                                            Parent Table: NULL                                              
------------------------------------------------------------------------------------------------------------------------
Name                     Type                     Initial Value       Size           Offset         Nested
------------------------------------------------------------------------------------------------------------------------
factorial                int                      -                   4              0              factorial
main                     int                      -                   4              4              main
------------------------------------------------------------------------------------------------------------------------

------------------------------------------------------------------------------------------------------------------------
Symbol Table: factorial                                         Parent Table: Global                                            
------------------------------------------------------------------------------------------------------------------------
Name                     Type                     Initial Value       Size           Offset         Nested
------------------------------------------------------------------------------------------------------------------------
n                        int                      -                   4              0              NULL
return                   int                      -                   4              4              NULL
t0                       int                      0                   4              8              NULL
t1                       int                      1                   4              12             NULL
t2                       int                      1                   4              16             NULL
t3                       int                      -                   4              20             NULL
t4                       int                      -                   4              24             NULL
t5                       int                      -                   4              28             NULL
------------------------------------------------------------------------------------------------------------------------

------------------------------------------------------------------------------------------------------------------------
Symbol Table: main                                              Parent Table: Global                                            
------------------------------------------------------------------------------------------------------------------------
Name                     Type                     Initial Value       Size           Offset         Nested
------------------------------------------------------------------------------------------------------------------------
return                   int                      -                   4              0              NULL
n                        int                      -                   4              4              NULL
t0                       int                      5                   4              8              NULL
t1                       int                      -                   4              12             NULL
t2                       int                      -                   4              16             NULL
p                        int                      10                  4              20             NULL
t3                       int                      10                  4              24             NULL
t4                       int                      0                   4              28             NULL
main.$0                  block                    -                   4              32             main.$0
fact_n                   int                      -                   4              36             NULL
t5                       int                      -                   4              40             NULL
fact_2                   int                      -                   4              44             NULL
t6                       int                      2                   4              48             NULL
t7                       int                      -                   4              52             NULL
fact_3                   int                      -                   4              56             NULL
t8                       int                      -                   4              60             NULL
t9                       int                      0                   4              64             NULL
------------------------------------------------------------------------------------------------------------------------

------------------------------------------------------------------------------------------------------------------------
Symbol Table: main.$0                                           Parent Table: main                                              
------------------------------------------------------------------------------------------------------------------------
Name                     Type                     Initial Value       Size           Offset         Nested
------------------------------------------------------------------------------------------------------------------------
t0                       int                      1                   4              0              NULL
t1                       int                      -                   4              4              NULL
t2                       int                      -                   4              8              NULL
t3                       int                      -                   4              12             NULL
------------------------------------------------------------------------------------------------------------------------

