------------------------------------------------------------------------------------------------------------------------
THREE ADDRESS CODE (TAC):
------------------------------------------------------------------------------------------------------------------------

0   : add: 
1   :    t0 = a + b
2   :    sum = t0
3   :    return sum

4   : sub: 
5   :    t0 = a - b
6   :    return t0

7   : findGreater: 
8   :    if a > b goto 11
9   :    goto 13
10  :    goto 14
11  :    return a
12  :    goto 
13  :    return b

14  : doNothing: 
15  :    return 

16  : main: 
17  :    t0 = 84
18  :    a = t0
19  :    t2 = 21
20  :    b = t2
21  :    param a
22  :    param b
23  :    t4 = call add, 2
24  :    sum = t4
25  :    param a
26  :    param b
27  :    t6 = call sub, 2
28  :    diff = t6
29  :    param a
30  :    param b
31  :    t8 = call findGreater, 2
32  :    max = t8
33  :    t10 = call doNothing, 0
34  :    t11 = 0
35  :    return t11

------------------------------------------------------------------------------------------------------------------------
Symbol Table: Global                                            Parent Table: NULL                                              
------------------------------------------------------------------------------------------------------------------------
Name                     Type                     Initial Value       Size           Offset         Nested
------------------------------------------------------------------------------------------------------------------------
add                      int                      -                   4              0              add
sub                      int                      -                   4              4              sub
findGreater              int                      -                   4              8              findGreater
doNothing                void                     -                   0              12             doNothing
main                     int                      -                   4              12             main
------------------------------------------------------------------------------------------------------------------------

------------------------------------------------------------------------------------------------------------------------
Symbol Table: add                                               Parent Table: Global                                            
------------------------------------------------------------------------------------------------------------------------
Name                     Type                     Initial Value       Size           Offset         Nested
------------------------------------------------------------------------------------------------------------------------
a                        int                      -                   4              0              NULL
b                        int                      -                   4              4              NULL
return                   int                      -                   4              8              NULL
sum                      int                      -                   4              12             NULL
t0                       int                      -                   4              16             NULL
------------------------------------------------------------------------------------------------------------------------

------------------------------------------------------------------------------------------------------------------------
Symbol Table: sub                                               Parent Table: Global                                            
------------------------------------------------------------------------------------------------------------------------
Name                     Type                     Initial Value       Size           Offset         Nested
------------------------------------------------------------------------------------------------------------------------
a                        int                      -                   4              0              NULL
b                        int                      -                   4              4              NULL
return                   int                      -                   4              8              NULL
t0                       int                      -                   4              12             NULL
------------------------------------------------------------------------------------------------------------------------

------------------------------------------------------------------------------------------------------------------------
Symbol Table: findGreater                                       Parent Table: Global                                            
------------------------------------------------------------------------------------------------------------------------
Name                     Type                     Initial Value       Size           Offset         Nested
------------------------------------------------------------------------------------------------------------------------
a                        int                      -                   4              0              NULL
b                        int                      -                   4              4              NULL
return                   int                      -                   4              8              NULL
------------------------------------------------------------------------------------------------------------------------

------------------------------------------------------------------------------------------------------------------------
Symbol Table: doNothing                                         Parent Table: Global                                            
------------------------------------------------------------------------------------------------------------------------
Name                     Type                     Initial Value       Size           Offset         Nested
------------------------------------------------------------------------------------------------------------------------
------------------------------------------------------------------------------------------------------------------------

------------------------------------------------------------------------------------------------------------------------
Symbol Table: main                                              Parent Table: Global                                            
------------------------------------------------------------------------------------------------------------------------
Name                     Type                     Initial Value       Size           Offset         Nested
------------------------------------------------------------------------------------------------------------------------
return                   int                      -                   4              0              NULL
a                        int                      -                   4              4              NULL
b                        int                      -                   4              8              NULL
sum                      int                      -                   4              12             NULL
diff                     int                      -                   4              16             NULL
max                      int                      -                   4              20             NULL
t0                       int                      84                  4              24             NULL
t1                       int                      -                   4              28             NULL
t2                       int                      21                  4              32             NULL
t3                       int                      -                   4              36             NULL
t4                       int                      -                   4              40             NULL
t5                       int                      -                   4              44             NULL
t6                       int                      -                   4              48             NULL
t7                       int                      -                   4              52             NULL
t8                       int                      -                   4              56             NULL
t9                       int                      -                   4              60             NULL
t10                      void                     -                   0              64             NULL
t11                      int                      0                   4              64             NULL
------------------------------------------------------------------------------------------------------------------------

